<?xml version="1.0" encoding="UTF-8"?>
<!-- Generated by org.testng.reporters.JUnitXMLReporter -->
<testsuite hostname="192-168-1-101.tpgi.com.au" ignored="0" name="Command line test" tests="4" failures="0" timestamp="2021-01-28T22:39:49 AEDT" time="4.583" errors="0">
  <testcase name="getResponseBody" time="1.732" classname="com.restassured.WeatherTest"/>
  <testcase name="testSchemaValidation" time="1.559" classname="com.restassured.WeatherTest"/>
  <testcase name="testSuccessResponseCode" time="0.651" classname="com.restassured.WeatherTest"/>
  <testcase name="testThursAndFriInResponse" time="0.613" classname="com.restassured.WeatherTest"/>
</testsuite> <!-- Command line test -->
