<?xml version="1.0" encoding="UTF-8"?>
<!-- Generated by org.testng.reporters.JUnitXMLReporter -->
<testsuite hostname="192-168-1-101.tpgi.com.au" ignored="0" name="Command line test" tests="5" failures="0" timestamp="2021-01-31T16:37:26 AEDT" time="4.737" errors="0">
  <testcase name="getResponseBody" time="1.89" classname="com.restassured.test.WeatherTest"/>
  <testcase name="testCountNoOfThursAndFriInResponse" time="0.591" classname="com.restassured.test.WeatherTest"/>
  <testcase name="testFindSuitableDate" time="0.566" classname="com.restassured.test.WeatherTest"/>
  <testcase name="testSchemaValidation" time="1.063" classname="com.restassured.test.WeatherTest"/>
  <testcase name="testSuccessResponseCode" time="0.587" classname="com.restassured.test.WeatherTest"/>
</testsuite> <!-- Command line test -->
